c:\users\lawre\source\repos\forest-simulator\debug\vc142.pdb
c:\users\lawre\source\repos\forest-simulator\debug\vc142.idb
c:\users\lawre\source\repos\forest-simulator\debug\treefactory.obj
c:\users\lawre\source\repos\forest-simulator\debug\tree.obj
c:\users\lawre\source\repos\forest-simulator\debug\oct_tree.obj
c:\users\lawre\source\repos\forest-simulator\debug\lsystem.obj
c:\users\lawre\source\repos\forest-simulator\debug\heightmap.obj
c:\users\lawre\source\repos\forest-simulator\debug\forest-simulator.obj
c:\users\lawre\source\repos\forest-simulator\debug\flock.obj
c:\users\lawre\source\repos\forest-simulator\debug\boid.obj
c:\users\lawre\source\repos\forest-simulator\debug\forest-simulator.pdb
c:\users\lawre\source\repos\forest-simulator\debug\forest-simulator.tlog\cl.command.1.tlog
c:\users\lawre\source\repos\forest-simulator\debug\forest-simulator.tlog\cl.read.1.tlog
c:\users\lawre\source\repos\forest-simulator\debug\forest-simulator.tlog\cl.write.1.tlog
c:\users\lawre\source\repos\forest-simulator\debug\forest-simulator.tlog\link-cvtres.read.1.tlog
c:\users\lawre\source\repos\forest-simulator\debug\forest-simulator.tlog\link-cvtres.write.1.tlog
c:\users\lawre\source\repos\forest-simulator\debug\forest-simulator.tlog\link-rc.read.1.tlog
c:\users\lawre\source\repos\forest-simulator\debug\forest-simulator.tlog\link-rc.write.1.tlog
c:\users\lawre\source\repos\forest-simulator\debug\forest-simulator.tlog\link.command.1.tlog
c:\users\lawre\source\repos\forest-simulator\debug\forest-simulator.tlog\link.read.1.tlog
c:\users\lawre\source\repos\forest-simulator\debug\forest-simulator.tlog\link.write.1.tlog
